<?xml version="1.0" encoding="UTF-8"?>
<!-- Generated by org.testng.reporters.JUnitReportReporter -->
<testsuite hostname="DESKTOP-94DRPV8" failures="0" tests="1" name="com.facebooktTest.ContainFunctionXpath" time="0.023" errors="0" timestamp="2023-09-22T02:22:59 EDT" skipped="0">
  <testcase classname="com.facebooktTest.ContainFunctionXpath" name="containFunction" time="0.023"/>
  <system-out/>
</testsuite> <!-- com.facebooktTest.ContainFunctionXpath -->
