<?xml version="1.0" encoding="UTF-8"?>
<!-- Generated by org.testng.reporters.JUnitReportReporter -->
<testsuite hostname="DESKTOP-94DRPV8" failures="0" tests="4" name="com.facebooktTest.Directlocators" time="4.980" errors="0" timestamp="2023-09-22T02:17:22 EDT" skipped="0">
  <testcase classname="com.facebooktTest.Directlocators" name="partialLinkTextLocatorsTest" time="1.285"/>
  <system-out/>
  <testcase classname="com.facebooktTest.Directlocators" name="nameLocatorsTest" time="0.370"/>
  <system-out/>
  <testcase classname="com.facebooktTest.Directlocators" name="idLocatorsTest" time="0.960"/>
  <system-out/>
  <testcase classname="com.facebooktTest.Directlocators" name="linkTextLocatorsTest" time="2.365"/>
  <system-out/>
</testsuite> <!-- com.facebooktTest.Directlocators -->
