<?xml version="1.0" encoding="UTF-8"?>
<!-- Generated by org.testng.reporters.JUnitReportReporter -->
<testsuite hostname="DESKTOP-94DRPV8" failures="0" tests="1" name="com.facebookFindElements.Elements" time="22.711" errors="0" timestamp="2023-09-23T13:22:34 EDT" skipped="0">
  <testcase classname="com.facebookFindElements.Elements" name="listOfElements" time="22.711"/>
  <system-out/>
</testsuite> <!-- com.facebookFindElements.Elements -->
