<?xml version="1.0" encoding="UTF-8"?>
<!-- Generated by org.testng.reporters.JUnitReportReporter -->
<testsuite hostname="DESKTOP-94DRPV8" failures="0" tests="1" name="com.facebooktTest.XpathFunction" time="8.706" errors="0" timestamp="2023-09-23T11:47:59 EDT" skipped="0">
  <testcase classname="com.facebooktTest.XpathFunction" name="getText" time="8.706"/>
  <system-out/>
</testsuite> <!-- com.facebooktTest.XpathFunction -->
