<?xml version="1.0" encoding="UTF-8"?>
<!-- Generated by org.testng.reporters.JUnitReportReporter -->
<testsuite hostname="DESKTOP-94DRPV8" failures="0" tests="3" name="com.facebooktTest.FacebookTest" time="49.063" errors="0" timestamp="2023-09-10T04:19:37 EDT" skipped="0">
  <testcase classname="com.facebooktTest.FacebookTest" name="openChromeBrowser" time="8.015"/>
  <system-out/>
  <testcase classname="com.facebooktTest.FacebookTest" name="testone" time="0.005"/>
  <system-out/>
  <testcase classname="com.facebooktTest.FacebookTest" name="openEdgeBrowser" time="41.043"/>
  <system-out/>
</testsuite> <!-- com.facebooktTest.FacebookTest -->
