<?xml version="1.0" encoding="UTF-8"?>
<!-- Generated by org.testng.reporters.JUnitReportReporter -->
<testsuite hostname="DESKTOP-94DRPV8" failures="0" tests="1" name="com.facebooktTest.RegularCSS" time="7.706" errors="0" timestamp="2023-09-23T13:45:21 EDT" skipped="0">
  <testcase classname="com.facebooktTest.RegularCSS" name="loginTest" time="7.706"/>
  <system-out/>
</testsuite> <!-- com.facebooktTest.RegularCSS -->
