<?xml version="1.0" encoding="UTF-8"?>
<!-- Generated by org.testng.reporters.JUnitReportReporter -->
<testsuite hostname="DESKTOP-94DRPV8" failures="0" tests="4" name="com.facebooktTest.Directlocators" time="5.396" errors="0" timestamp="2023-09-10T23:17:20 EDT" skipped="0">
  <testcase classname="com.facebooktTest.Directlocators" name="partialLinkTextLocatorsTest" time="3.290"/>
  <system-out/>
  <testcase classname="com.facebooktTest.Directlocators" name="idLocatorsTest" time="0.113"/>
  <system-out/>
  <testcase classname="com.facebooktTest.Directlocators" name="nameLocatorsTest" time="0.173"/>
  <system-out/>
  <testcase classname="com.facebooktTest.Directlocators" name="linkTextLocatorsTest" time="1.820"/>
  <system-out/>
</testsuite> <!-- com.facebooktTest.Directlocators -->
