<?xml version="1.0" encoding="UTF-8"?>
<!-- Generated by org.testng.reporters.JUnitReportReporter -->
<testsuite hostname="DESKTOP-94DRPV8" failures="0" tests="1" name="com.facebooktTest.indextXpath" time="9.571" errors="0" timestamp="2023-09-23T12:12:51 EDT" skipped="0">
  <testcase classname="com.facebooktTest.indextXpath" name="xpathIndext" time="9.571"/>
  <system-out/>
</testsuite> <!-- com.facebooktTest.indextXpath -->
