<?xml version="1.0" encoding="UTF-8"?>
<!-- Generated by org.testng.reporters.JUnitReportReporter -->
<testsuite hostname="DESKTOP-94DRPV8" failures="0" tests="1" name="com.facebooktTest.RegularXpath" time="18.667" errors="0" timestamp="2023-09-11T00:31:30 EDT" skipped="0">
  <testcase classname="com.facebooktTest.RegularXpath" name="loginTest" time="18.667"/>
  <system-out/>
</testsuite> <!-- com.facebooktTest.RegularXpath -->
